<?xml version="1.0" encoding="UTF-8"?>
<testng-results ignored="0" total="1" passed="1" failed="0" skipped="0">
  <reporter-output>
  </reporter-output>
  <suite started-at="2021-02-27T14:01:00 CET" name="Default suite" finished-at="2021-02-27T14:01:10 CET" duration-ms="9579">
    <groups>
    </groups>
    <test started-at="2021-02-27T14:01:00 CET" name="Default test" finished-at="2021-02-27T14:01:10 CET" duration-ms="9579">
      <class name="vivifyTests.LogIn">
        <test-method is-config="true" signature="beforeClass()[pri:0, instance:vivifyTests.LogIn@1a04f701]" started-at="2021-02-27T14:01:00 CET" name="beforeClass" finished-at="2021-02-27T14:01:06 CET" duration-ms="5692" status="PASS">
          <reporter-output>
          </reporter-output>
        </test-method> <!-- beforeClass -->
        <test-method is-config="true" signature="setup()[pri:0, instance:vivifyTests.LogIn@1a04f701]" started-at="2021-02-27T14:01:06 CET" name="setup" finished-at="2021-02-27T14:01:07 CET" duration-ms="787" status="PASS">
          <reporter-output>
          </reporter-output>
        </test-method> <!-- setup -->
        <test-method signature="logInValidCredentials()[pri:0, instance:vivifyTests.LogIn@1a04f701]" started-at="2021-02-27T14:01:07 CET" name="logInValidCredentials" finished-at="2021-02-27T14:01:10 CET" duration-ms="2894" status="PASS">
          <reporter-output>
          </reporter-output>
        </test-method> <!-- logInValidCredentials -->
        <test-method is-config="true" signature="afterMethod()[pri:0, instance:vivifyTests.LogIn@1a04f701]" started-at="2021-02-27T14:01:10 CET" name="afterMethod" finished-at="2021-02-27T14:01:10 CET" duration-ms="185" status="PASS">
          <reporter-output>
          </reporter-output>
        </test-method> <!-- afterMethod -->
        <test-method is-config="true" signature="tearDown()[pri:0, instance:vivifyTests.LogIn@1a04f701]" started-at="2021-02-27T14:01:10 CET" name="tearDown" finished-at="2021-02-27T14:01:10 CET" duration-ms="0" status="PASS">
          <reporter-output>
          </reporter-output>
        </test-method> <!-- tearDown -->
      </class> <!-- vivifyTests.LogIn -->
    </test> <!-- Default test -->
  </suite> <!-- Default suite -->
</testng-results>
