<?xml version="1.0" encoding="UTF-8"?>
<testng-results ignored="0" total="1" passed="1" failed="0" skipped="0">
  <reporter-output>
  </reporter-output>
  <suite started-at="2021-02-27T15:56:39 CET" name="Default suite" finished-at="2021-02-27T15:56:49 CET" duration-ms="10032">
    <groups>
    </groups>
    <test started-at="2021-02-27T15:56:39 CET" name="Default test" finished-at="2021-02-27T15:56:49 CET" duration-ms="10032">
      <class name="vivifyTests.FindMyGallery">
        <test-method is-config="true" signature="beforeClass()[pri:0, instance:vivifyTests.FindMyGallery@4e91d63f]" started-at="2021-02-27T15:56:39 CET" name="beforeClass" finished-at="2021-02-27T15:56:45 CET" duration-ms="5618" status="PASS">
          <reporter-output>
          </reporter-output>
        </test-method> <!-- beforeClass -->
        <test-method is-config="true" signature="setup()[pri:0, instance:vivifyTests.FindMyGallery@4e91d63f]" started-at="2021-02-27T15:56:45 CET" name="setup" finished-at="2021-02-27T15:56:45 CET" duration-ms="769" status="PASS">
          <reporter-output>
          </reporter-output>
        </test-method> <!-- setup -->
        <test-method signature="findMyGallery()[pri:0, instance:vivifyTests.FindMyGallery@4e91d63f]" started-at="2021-02-27T15:56:45 CET" name="findMyGallery" finished-at="2021-02-27T15:56:49 CET" duration-ms="3375" status="PASS">
          <reporter-output>
          </reporter-output>
        </test-method> <!-- findMyGallery -->
        <test-method is-config="true" signature="afterMethod()[pri:0, instance:vivifyTests.FindMyGallery@4e91d63f]" started-at="2021-02-27T15:56:49 CET" name="afterMethod" finished-at="2021-02-27T15:56:49 CET" duration-ms="250" status="PASS">
          <reporter-output>
          </reporter-output>
        </test-method> <!-- afterMethod -->
        <test-method is-config="true" signature="tearDown()[pri:0, instance:vivifyTests.FindMyGallery@4e91d63f]" started-at="2021-02-27T15:56:49 CET" name="tearDown" finished-at="2021-02-27T15:56:49 CET" duration-ms="0" status="PASS">
          <reporter-output>
          </reporter-output>
        </test-method> <!-- tearDown -->
      </class> <!-- vivifyTests.FindMyGallery -->
    </test> <!-- Default test -->
  </suite> <!-- Default suite -->
</testng-results>
